CRITICAL - 2021-06-24 07:17:37 --> CodeIgniter\View\View::main(): Failed opening required 'https://form.mundoeducativodigital.com/scorm/teens/m1/l1/1_1/index.html' (include_path='.:/usr/share/php')
#0 [internal function]: CodeIgniter\Debug\Exceptions->shutdownHandler()
#1 {main}
CRITICAL - 2021-06-24 07:18:00 --> CodeIgniter\View\View::main(): Failed opening required 'https://form.mundoeducativodigital.com/scorm/teens/m1/l1/1_2/index.html' (include_path='.:/usr/share/php')
#0 [internal function]: CodeIgniter\Debug\Exceptions->shutdownHandler()
#1 {main}
CRITICAL - 2021-06-24 07:18:35 --> CodeIgniter\View\View::main(): Failed opening required 'https://form.mundoeducativodigital.com/scorm/teens/m1/l1/1_3/index.html' (include_path='.:/usr/share/php')
#0 [internal function]: CodeIgniter\Debug\Exceptions->shutdownHandler()
#1 {main}
CRITICAL - 2021-06-24 07:18:45 --> CodeIgniter\View\View::main(): Failed opening required 'https://form.mundoeducativodigital.com/scorm/teens/m1/l1/1_4/index.html' (include_path='.:/usr/share/php')
#0 [internal function]: CodeIgniter\Debug\Exceptions->shutdownHandler()
#1 {main}
CRITICAL - 2021-06-24 07:41:04 --> CodeIgniter\View\View::main(): Failed opening required 'https://form.mundoeducativodigital.com/scorm/teens/m1/l1/1_1/index.html' (include_path='.:/usr/share/php')
#0 [internal function]: CodeIgniter\Debug\Exceptions->shutdownHandler()
#1 {main}
CRITICAL - 2021-06-24 07:41:15 --> CodeIgniter\View\View::main(): Failed opening required 'https://form.mundoeducativodigital.com/scorm/teens/m1/l1/1_1/index.html' (include_path='.:/usr/share/php')
#0 [internal function]: CodeIgniter\Debug\Exceptions->shutdownHandler()
#1 {main}
CRITICAL - 2021-06-24 07:45:38 --> CodeIgniter\View\View::main(): Failed opening required 'https://form.mundoeducativodigital.com/scorm/teens/m1/l2/2_6/index.html' (include_path='.:/usr/share/php')
#0 [internal function]: CodeIgniter\Debug\Exceptions->shutdownHandler()
#1 {main}
CRITICAL - 2021-06-24 07:46:21 --> CodeIgniter\View\View::main(): Failed opening required 'https://form.mundoeducativodigital.com/scorm/teens/m1/l2/2_6/index.html' (include_path='.:/usr/share/php')
#0 [internal function]: CodeIgniter\Debug\Exceptions->shutdownHandler()
#1 {main}
CRITICAL - 2021-06-24 07:46:47 --> CodeIgniter\View\View::main(): Failed opening required 'https://form.mundoeducativodigital.com/scorm/teens/m1/l2/2_8/index.html' (include_path='.:/usr/share/php')
#0 [internal function]: CodeIgniter\Debug\Exceptions->shutdownHandler()
#1 {main}
CRITICAL - 2021-06-24 07:47:00 --> CodeIgniter\View\View::main(): Failed opening required 'https://form.mundoeducativodigital.com/scorm/teens/m1/l2/2_8/index.html' (include_path='.:/usr/share/php')
#0 [internal function]: CodeIgniter\Debug\Exceptions->shutdownHandler()
#1 {main}
CRITICAL - 2021-06-24 08:15:29 --> CodeIgniter\View\View::main(): Failed opening required 'https://form.mundoeducativodigital.com/scorm/teens/m1/l1/1_1/index.html' (include_path='.:/usr/share/php')
#0 [internal function]: CodeIgniter\Debug\Exceptions->shutdownHandler()
#1 {main}
CRITICAL - 2021-06-24 09:24:41 --> CodeIgniter\View\View::main(): Failed opening required 'https://form.mundoeducativodigital.com/scorm/kids/m1/l1/1_2/index.html' (include_path='.:/usr/share/php')
#0 [internal function]: CodeIgniter\Debug\Exceptions->shutdownHandler()
#1 {main}
CRITICAL - 2021-06-24 09:24:56 --> CodeIgniter\View\View::main(): Failed opening required 'https://form.mundoeducativodigital.com/scorm/kids/m1/l1/1_2/index.html' (include_path='.:/usr/share/php')
#0 [internal function]: CodeIgniter\Debug\Exceptions->shutdownHandler()
#1 {main}
CRITICAL - 2021-06-24 09:26:52 --> CodeIgniter\View\View::main(): Failed opening required 'https://form.mundoeducativodigital.com/scorm/kids/m2/l1/1_2/index.html' (include_path='.:/usr/share/php')
#0 [internal function]: CodeIgniter\Debug\Exceptions->shutdownHandler()
#1 {main}
CRITICAL - 2021-06-24 09:31:51 --> CodeIgniter\View\View::main(): Failed opening required 'https://form.mundoeducativodigital.com/scorm/kids/m2/l1/1_11/index.html' (include_path='.:/usr/share/php')
#0 [internal function]: CodeIgniter\Debug\Exceptions->shutdownHandler()
#1 {main}
CRITICAL - 2021-06-24 09:40:09 --> CodeIgniter\View\View::main(): Failed opening required 'https://form.mundoeducativodigital.com/scorm/kids/m1/l1/1_7/index.html' (include_path='.:/usr/share/php')
#0 [internal function]: CodeIgniter\Debug\Exceptions->shutdownHandler()
#1 {main}
CRITICAL - 2021-06-24 09:58:16 --> CodeIgniter\View\View::main(): Failed opening required 'https://form.mundoeducativodigital.com/scorm/kids/m1/l1/1_2/index.html' (include_path='.:/usr/share/php')
#0 [internal function]: CodeIgniter\Debug\Exceptions->shutdownHandler()
#1 {main}
CRITICAL - 2021-06-24 10:31:01 --> CodeIgniter\View\View::main(): Failed opening required 'https://form.mundoeducativodigital.com/scorm/kids/m1/l1/1_7/index.html' (include_path='.:/usr/share/php')
#0 [internal function]: CodeIgniter\Debug\Exceptions->shutdownHandler()
#1 {main}
CRITICAL - 2021-06-24 10:35:45 --> CodeIgniter\View\View::main(): Failed opening required 'https://form.mundoeducativodigital.com/scorm/kids/m1/l1/1_7/index.html' (include_path='.:/usr/share/php')
#0 [internal function]: CodeIgniter\Debug\Exceptions->shutdownHandler()
#1 {main}
CRITICAL - 2021-06-24 13:55:38 --> CodeIgniter\View\View::main(): Failed opening required 'https://form.mundoeducativodigital.com/scorm/kids/m1/l1/1_2/index.html' (include_path='.:/usr/share/php')
#0 [internal function]: CodeIgniter\Debug\Exceptions->shutdownHandler()
#1 {main}
CRITICAL - 2021-06-24 14:00:21 --> CodeIgniter\View\View::main(): Failed opening required 'https://form.mundoeducativodigital.com/scorm/kids/m1/l1/1_7/index.html' (include_path='.:/usr/share/php')
#0 [internal function]: CodeIgniter\Debug\Exceptions->shutdownHandler()
#1 {main}
CRITICAL - 2021-06-24 14:02:26 --> CodeIgniter\View\View::main(): Failed opening required 'https://form.mundoeducativodigital.com/scorm/kids/m1/l2/2_2/index.html' (include_path='.:/usr/share/php')
#0 [internal function]: CodeIgniter\Debug\Exceptions->shutdownHandler()
#1 {main}
CRITICAL - 2021-06-24 14:05:30 --> CodeIgniter\View\View::main(): Failed opening required 'https://form.mundoeducativodigital.com/scorm/teens/m1/l1/1_1/index.html' (include_path='.:/usr/share/php')
#0 [internal function]: CodeIgniter\Debug\Exceptions->shutdownHandler()
#1 {main}
CRITICAL - 2021-06-24 14:15:53 --> CodeIgniter\View\View::main(): Failed opening required 'https://form.mundoeducativodigital.com/scorm/kids/m1/l1/1_7/index.html' (include_path='.:/usr/share/php')
#0 [internal function]: CodeIgniter\Debug\Exceptions->shutdownHandler()
#1 {main}
CRITICAL - 2021-06-24 14:16:15 --> CodeIgniter\View\View::main(): Failed opening required 'https://form.mundoeducativodigital.com/scorm/kids/m1/l1/1_7/index.html' (include_path='.:/usr/share/php')
#0 [internal function]: CodeIgniter\Debug\Exceptions->shutdownHandler()
#1 {main}
CRITICAL - 2021-06-24 14:23:41 --> CodeIgniter\View\View::main(): Failed opening required 'https://form.mundoeducativodigital.com/scorm/kids/m1/l2/2_9/index.html' (include_path='.:/usr/share/php')
#0 [internal function]: CodeIgniter\Debug\Exceptions->shutdownHandler()
#1 {main}
CRITICAL - 2021-06-24 14:30:21 --> CodeIgniter\View\View::main(): Failed opening required 'https://form.mundoeducativodigital.com/scorm/kids/m1/l3/3_9/index.html' (include_path='.:/usr/share/php')
#0 [internal function]: CodeIgniter\Debug\Exceptions->shutdownHandler()
#1 {main}
CRITICAL - 2021-06-24 14:39:23 --> CodeIgniter\View\View::main(): Failed opening required 'https://form.mundoeducativodigital.com/scorm/kids/m1/l4/4_9/index.html' (include_path='.:/usr/share/php')
#0 [internal function]: CodeIgniter\Debug\Exceptions->shutdownHandler()
#1 {main}
CRITICAL - 2021-06-24 14:39:28 --> CodeIgniter\View\View::main(): Failed opening required 'https://form.mundoeducativodigital.com/scorm/kids/m1/l4/4_10/index.html' (include_path='.:/usr/share/php')
#0 [internal function]: CodeIgniter\Debug\Exceptions->shutdownHandler()
#1 {main}
CRITICAL - 2021-06-24 14:39:54 --> CodeIgniter\View\View::main(): Failed opening required 'https://form.mundoeducativodigital.com/scorm/kids/m1/l4/4_9/index.html' (include_path='.:/usr/share/php')
#0 [internal function]: CodeIgniter\Debug\Exceptions->shutdownHandler()
#1 {main}
CRITICAL - 2021-06-24 15:03:45 --> CodeIgniter\View\View::main(): Failed opening required 'https://form.mundoeducativodigital.com/scorm/teens/m1/l6/6_1/index.html' (include_path='.:/usr/share/php')
#0 [internal function]: CodeIgniter\Debug\Exceptions->shutdownHandler()
#1 {main}
CRITICAL - 2021-06-24 15:03:46 --> unlink(/var/www/html/ome/omecms/ome/writable/debugbar/debugbar_1624564835.json): No such file or directory
#0 [internal function]: CodeIgniter\Debug\Exceptions->errorHandler()
#1 /var/www/html/ome/omecms/ome/vendor/codeigniter4/framework/system/Debug/Toolbar/Collectors/History.php(78): unlink()
#2 /var/www/html/ome/omecms/ome/vendor/codeigniter4/framework/system/Debug/Toolbar.php(480): CodeIgniter\Debug\Toolbar\Collectors\History->setFiles()
#3 /var/www/html/ome/omecms/ome/vendor/codeigniter4/framework/system/Debug/Toolbar.php(452): CodeIgniter\Debug\Toolbar->format()
#4 /var/www/html/ome/omecms/ome/app/Config/Events.php(52): CodeIgniter\Debug\Toolbar->respond()
#5 [internal function]: CodeIgniter\Events\Events::Config\{closure}()
#6 /var/www/html/ome/omecms/ome/vendor/codeigniter4/framework/system/Events/Events.php(166): call_user_func()
#7 /var/www/html/ome/omecms/ome/vendor/codeigniter4/framework/system/CodeIgniter.php(319): CodeIgniter\Events\Events::trigger()
#8 /var/www/html/ome/omecms/ome/index.php(44): CodeIgniter\CodeIgniter->run()
#9 {main}
CRITICAL - 2021-06-24 20:18:59 --> CodeIgniter\View\View::main(): Failed opening required 'https://form.mundoeducativodigital.com/scorm/kids/m1/l2/2_9/index.html' (include_path='.:/usr/share/php')
#0 [internal function]: CodeIgniter\Debug\Exceptions->shutdownHandler()
#1 {main}
CRITICAL - 2021-06-24 20:53:17 --> CodeIgniter\View\View::main(): Failed opening required 'https://form.mundoeducativodigital.com/scorm/kids/m1/l3/3_9/index.html' (include_path='.:/usr/share/php')
#0 [internal function]: CodeIgniter\Debug\Exceptions->shutdownHandler()
#1 {main}
CRITICAL - 2021-06-24 21:01:44 --> CodeIgniter\View\View::main(): Failed opening required 'https://form.mundoeducativodigital.com/scorm/kids/m1/l3/3_2/index.html' (include_path='.:/usr/share/php')
#0 [internal function]: CodeIgniter\Debug\Exceptions->shutdownHandler()
#1 {main}
